<?xml version="1.0" encoding="UTF-8"?>
<!-- Generated by org.testng.reporters.JUnitReportReporter -->
<testsuite hostname="NTPC01507" name="testcases.Chapter1" tests="3" failures="0" timestamp="30 Oct 2018 04:01:17 GMT" time="22.312" errors="0">
  <testcase name="Chapter1Popup" time="1.216" classname="testcases.Chapter1"/>
  <testcase name="Chapter1Click" time="0.414" classname="testcases.Chapter1"/>
  <testcase name="Chapter1dropdownandradio" time="20.682" classname="testcases.Chapter1"/>
</testsuite> <!-- testcases.Chapter1 -->
