<?xml version="1.0" encoding="UTF-8"?>
<!-- Generated by org.testng.reporters.JUnitReportReporter -->
<testsuite hostname="NTPC01507" name="testcases.Chapter2" tests="3" failures="0" timestamp="30 Oct 2018 03:40:49 GMT" time="10.591" errors="0">
  <testcase name="mousehover" time="5.050" classname="testcases.Chapter2"/>
  <testcase name="Chapter4Click" time="0.384" classname="testcases.Chapter2"/>
  <testcase name="Textpopup" time="5.157" classname="testcases.Chapter2"/>
</testsuite> <!-- testcases.Chapter2 -->
